# JRE version: Java(TM) SE Runtime Environment (8.0_91-b15) (build 1.8.0_91-b15)
# Java VM: Java HotSpot(TM) 64-Bit Server VM (25.91-b15 mixed mode windows-amd64 compressed oops)
Heap:
 PSYoungGen      total 117248K, used 27900K [0x00000000eab00000, 0x00000000f4800000, 0x0000000100000000)
  eden space 105984K, 15% used [0x00000000eab00000,0x00000000ebb42bb8,0x00000000f1280000)
  from space 11264K, 99% used [0x00000000f1280000,0x00000000f1d7c648,0x00000000f1d80000)
  to   space 13312K, 0% used [0x00000000f3b00000,0x00000000f3b00000,0x00000000f4800000)
 ParOldGen       total 97280K, used 20731K [0x00000000c0000000, 0x00000000c5f00000, 0x00000000eab00000)
  object space 97280K, 21% used [0x00000000c0000000,0x00000000c143ec90,0x00000000c5f00000)
 Metaspace       used 45282K, capacity 46516K, committed 46720K, reserved 1089536K
  class space    used 6222K, capacity 6510K, committed 6528K, reserved 1048576K
GC Heap History (10 events):
Event: 15.505 GC heap before
{Heap before GC invocations=9 (full 1):
 PSYoungGen      total 64000K, used 58975K [0x00000000eab00000, 0x00000000f1200000, 0x0000000100000000)
  eden space 53248K, 100% used [0x00000000eab00000,0x00000000edf00000,0x00000000edf00000)
  from space 10752K, 53% used [0x00000000edf00000,0x00000000ee497c98,0x00000000ee980000)
  to   space 10240K, 0% used [0x00000000f0800000,0x00000000f0800000,0x00000000f1200000)
 ParOldGen       total 63488K, used 9523K [0x00000000c0000000, 0x00000000c3e00000, 0x00000000eab00000)
  object space 63488K, 15% used [0x00000000c0000000,0x00000000c094cf20,0x00000000c3e00000)
 Metaspace       used 29628K, capacity 30416K, committed 30720K, reserved 1075200K
  class space    used 4127K, capacity 4315K, committed 4352K, reserved 1048576K
Event: 15.510 GC heap after
Heap after GC invocations=9 (full 1):
 PSYoungGen      total 89088K, used 5666K [0x00000000eab00000, 0x00000000f0f00000, 0x0000000100000000)
  eden space 81920K, 0% used [0x00000000eab00000,0x00000000eab00000,0x00000000efb00000)
  from space 7168K, 79% used [0x00000000f0800000,0x00000000f0d88ab0,0x00000000f0f00000)
  to   space 10240K, 0% used [0x00000000efb00000,0x00000000efb00000,0x00000000f0500000)
 ParOldGen       total 63488K, used 9531K [0x00000000c0000000, 0x00000000c3e00000, 0x00000000eab00000)
  object space 63488K, 15% used [0x00000000c0000000,0x00000000c094ef20,0x00000000c3e00000)
 Metaspace       used 29628K, capacity 30416K, committed 30720K, reserved 1075200K
  class space    used 4127K, capacity 4315K, committed 4352K, reserved 1048576K
}
Event: 16.903 GC heap before
{Heap before GC invocations=10 (full 1):
 PSYoungGen      total 89088K, used 72290K [0x00000000eab00000, 0x00000000f0f00000, 0x0000000100000000)
  eden space 81920K, 81% used [0x00000000eab00000,0x00000000eec10138,0x00000000efb00000)
  from space 7168K, 79% used [0x00000000f0800000,0x00000000f0d88ab0,0x00000000f0f00000)
  to   space 10240K, 0% used [0x00000000efb00000,0x00000000efb00000,0x00000000f0500000)
 ParOldGen       total 63488K, used 9531K [0x00000000c0000000, 0x00000000c3e00000, 0x00000000eab00000)
  object space 63488K, 15% used [0x00000000c0000000,0x00000000c094ef20,0x00000000c3e00000)
 Metaspace       used 34633K, capacity 35334K, committed 35456K, reserved 1079296K
  class space    used 4778K, capacity 4950K, committed 4992K, reserved 1048576K
Event: 16.914 GC heap after
Heap after GC invocations=10 (full 1):
 PSYoungGen      total 92160K, used 7707K [0x00000000eab00000, 0x00000000f2900000, 0x0000000100000000)
  eden space 81920K, 0% used [0x00000000eab00000,0x00000000eab00000,0x00000000efb00000)
  from space 10240K, 75% used [0x00000000efb00000,0x00000000f0286d38,0x00000000f0500000)
  to   space 10240K, 0% used [0x00000000f1f00000,0x00000000f1f00000,0x00000000f2900000)
 ParOldGen       total 63488K, used 12199K [0x00000000c0000000, 0x00000000c3e00000, 0x00000000eab00000)
  object space 63488K, 19% used [0x00000000c0000000,0x00000000c0be9f40,0x00000000c3e00000)
 Metaspace       used 34633K, capacity 35334K, committed 35456K, reserved 1079296K
  class space    used 4778K, capacity 4950K, committed 4992K, reserved 1048576K
}
Event: 16.914 GC heap before
{Heap before GC invocations=11 (full 2):
 PSYoungGen      total 92160K, used 7707K [0x00000000eab00000, 0x00000000f2900000, 0x0000000100000000)
  eden space 81920K, 0% used [0x00000000eab00000,0x00000000eab00000,0x00000000efb00000)
  from space 10240K, 75% used [0x00000000efb00000,0x00000000f0286d38,0x00000000f0500000)
  to   space 10240K, 0% used [0x00000000f1f00000,0x00000000f1f00000,0x00000000f2900000)
 ParOldGen       total 63488K, used 12199K [0x00000000c0000000, 0x00000000c3e00000, 0x00000000eab00000)
  object space 63488K, 19% used [0x00000000c0000000,0x00000000c0be9f40,0x00000000c3e00000)
 Metaspace       used 34633K, capacity 35334K, committed 35456K, reserved 1079296K
  class space    used 4778K, capacity 4950K, committed 4992K, reserved 1048576K
Event: 16.980 GC heap after
Heap after GC invocations=11 (full 2):
 PSYoungGen      total 92160K, used 0K [0x00000000eab00000, 0x00000000f2900000, 0x0000000100000000)
  eden space 81920K, 0% used [0x00000000eab00000,0x00000000eab00000,0x00000000efb00000)
  from space 10240K, 0% used [0x00000000efb00000,0x00000000efb00000,0x00000000f0500000)
  to   space 10240K, 0% used [0x00000000f1f00000,0x00000000f1f00000,0x00000000f2900000)
 ParOldGen       total 97280K, used 18167K [0x00000000c0000000, 0x00000000c5f00000, 0x00000000eab00000)
  object space 97280K, 18% used [0x00000000c0000000,0x00000000c11bdcd0,0x00000000c5f00000)
 Metaspace       used 34633K, capacity 35334K, committed 35456K, reserved 1079296K
  class space    used 4778K, capacity 4950K, committed 4992K, reserved 1048576K
}
Event: 19.674 GC heap before
{Heap before GC invocations=12 (full 2):
 PSYoungGen      total 92160K, used 81920K [0x00000000eab00000, 0x00000000f2900000, 0x0000000100000000)
  eden space 81920K, 100% used [0x00000000eab00000,0x00000000efb00000,0x00000000efb00000)
  from space 10240K, 0% used [0x00000000efb00000,0x00000000efb00000,0x00000000f0500000)
  to   space 10240K, 0% used [0x00000000f1f00000,0x00000000f1f00000,0x00000000f2900000)
 ParOldGen       total 97280K, used 18167K [0x00000000c0000000, 0x00000000c5f00000, 0x00000000eab00000)
  object space 97280K, 18% used [0x00000000c0000000,0x00000000c11bdcd0,0x00000000c5f00000)
 Metaspace       used 42138K, capacity 43006K, committed 43136K, reserved 1087488K
  class space    used 5781K, capacity 6003K, committed 6016K, reserved 1048576K
Event: 19.691 GC heap after
Heap after GC invocations=12 (full 2):
 PSYoungGen      total 114688K, used 9573K [0x00000000eab00000, 0x00000000f2880000, 0x0000000100000000)
  eden space 104960K, 0% used [0x00000000eab00000,0x00000000eab00000,0x00000000f1180000)
  from space 9728K, 98% used [0x00000000f1f00000,0x00000000f2859438,0x00000000f2880000)
  to   space 11264K, 0% used [0x00000000f1280000,0x00000000f1280000,0x00000000f1d80000)
 ParOldGen       total 97280K, used 18175K [0x00000000c0000000, 0x00000000c5f00000, 0x00000000eab00000)
  object space 97280K, 18% used [0x00000000c0000000,0x00000000c11bfcd0,0x00000000c5f00000)
 Metaspace       used 42138K, capacity 43006K, committed 43136K, reserved 1087488K
  class space    used 5781K, capacity 6003K, committed 6016K, reserved 1048576K
}
Event: 21.579 GC heap before
{Heap before GC invocations=13 (full 2):
 PSYoungGen      total 114688K, used 114533K [0x00000000eab00000, 0x00000000f2880000, 0x0000000100000000)
  eden space 104960K, 100% used [0x00000000eab00000,0x00000000f1180000,0x00000000f1180000)
  from space 9728K, 98% used [0x00000000f1f00000,0x00000000f2859438,0x00000000f2880000)
  to   space 11264K, 0% used [0x00000000f1280000,0x00000000f1280000,0x00000000f1d80000)
 ParOldGen       total 97280K, used 18175K [0x00000000c0000000, 0x00000000c5f00000, 0x00000000eab00000)
  object space 97280K, 18% used [0x00000000c0000000,0x00000000c11bfcd0,0x00000000c5f00000)
 Metaspace       used 44788K, capacity 45880K, committed 46080K, reserved 1089536K
  class space    used 6132K, capacity 6392K, committed 6400K, reserved 1048576K
Event: 21.592 GC heap after
Heap after GC invocations=13 (full 2):
 PSYoungGen      total 117248K, used 11249K [0x00000000eab00000, 0x00000000f4800000, 0x0000000100000000)
  eden space 105984K, 0% used [0x00000000eab00000,0x00000000eab00000,0x00000000f1280000)
  from space 11264K, 99% used [0x00000000f1280000,0x00000000f1d7c648,0x00000000f1d80000)
  to   space 13312K, 0% used [0x00000000f3b00000,0x00000000f3b00000,0x00000000f4800000)
 ParOldGen       total 97280K, used 20731K [0x00000000c0000000, 0x00000000c5f00000, 0x00000000eab00000)
  object space 97280K, 21% used [0x00000000c0000000,0x00000000c143ec90,0x00000000c5f00000)
 Metaspace       used 44788K, capacity 45880K, committed 46080K, reserved 1089536K
  class space    used 6132K, capacity 6392K, committed 6400K, reserved 1048576K
}

