# JRE version: Java(TM) SE Runtime Environment (8.0_91-b15) (build 1.8.0_91-b15)
# Java VM: Java HotSpot(TM) 64-Bit Server VM (25.91-b15 mixed mode windows-amd64 compressed oops)
Heap:
 PSYoungGen      total 122880K, used 40759K [0x00000000eab00000, 0x00000000f3600000, 0x0000000100000000)
  eden space 113152K, 27% used [0x00000000eab00000,0x00000000ec94dd20,0x00000000f1980000)
  from space 9728K, 100% used [0x00000000f2c80000,0x00000000f3600000,0x00000000f3600000)
  to   space 10752K, 0% used [0x00000000f2100000,0x00000000f2100000,0x00000000f2b80000)
 ParOldGen       total 93696K, used 33195K [0x00000000c0000000, 0x00000000c5b80000, 0x00000000eab00000)
  object space 93696K, 35% used [0x00000000c0000000,0x00000000c206aed0,0x00000000c5b80000)
 Metaspace       used 51188K, capacity 53122K, committed 53248K, reserved 1095680K
  class space    used 7151K, capacity 7607K, committed 7680K, reserved 1048576K
GC Heap History (10 events):
Event: 10.382 GC heap before
{Heap before GC invocations=10 (full 1):
 PSYoungGen      total 91648K, used 69599K [0x00000000eab00000, 0x00000000f1180000, 0x0000000100000000)
  eden space 85504K, 74% used [0x00000000eab00000,0x00000000ee9114f0,0x00000000efe80000)
  from space 6144K, 98% used [0x00000000f0b80000,0x00000000f1166a90,0x00000000f1180000)
  to   space 9728K, 0% used [0x00000000efe80000,0x00000000efe80000,0x00000000f0800000)
 ParOldGen       total 65024K, used 9439K [0x00000000c0000000, 0x00000000c3f80000, 0x00000000eab00000)
  object space 65024K, 14% used [0x00000000c0000000,0x00000000c0937c88,0x00000000c3f80000)
 Metaspace       used 34605K, capacity 35264K, committed 35456K, reserved 1079296K
  class space    used 4772K, capacity 4949K, committed 4992K, reserved 1048576K
Event: 10.404 GC heap after
Heap after GC invocations=10 (full 1):
 PSYoungGen      total 95232K, used 7340K [0x00000000eab00000, 0x00000000f3680000, 0x0000000100000000)
  eden space 85504K, 0% used [0x00000000eab00000,0x00000000eab00000,0x00000000efe80000)
  from space 9728K, 75% used [0x00000000efe80000,0x00000000f05ab218,0x00000000f0800000)
  to   space 10240K, 0% used [0x00000000f2c80000,0x00000000f2c80000,0x00000000f3680000)
 ParOldGen       total 65024K, used 12115K [0x00000000c0000000, 0x00000000c3f80000, 0x00000000eab00000)
  object space 65024K, 18% used [0x00000000c0000000,0x00000000c0bd4ca8,0x00000000c3f80000)
 Metaspace       used 34605K, capacity 35264K, committed 35456K, reserved 1079296K
  class space    used 4772K, capacity 4949K, committed 4992K, reserved 1048576K
}
Event: 10.404 GC heap before
{Heap before GC invocations=11 (full 2):
 PSYoungGen      total 95232K, used 7340K [0x00000000eab00000, 0x00000000f3680000, 0x0000000100000000)
  eden space 85504K, 0% used [0x00000000eab00000,0x00000000eab00000,0x00000000efe80000)
  from space 9728K, 75% used [0x00000000efe80000,0x00000000f05ab218,0x00000000f0800000)
  to   space 10240K, 0% used [0x00000000f2c80000,0x00000000f2c80000,0x00000000f3680000)
 ParOldGen       total 65024K, used 12115K [0x00000000c0000000, 0x00000000c3f80000, 0x00000000eab00000)
  object space 65024K, 18% used [0x00000000c0000000,0x00000000c0bd4ca8,0x00000000c3f80000)
 Metaspace       used 34605K, capacity 35264K, committed 35456K, reserved 1079296K
  class space    used 4772K, capacity 4949K, committed 4992K, reserved 1048576K
Event: 10.483 GC heap after
Heap after GC invocations=11 (full 2):
 PSYoungGen      total 95232K, used 0K [0x00000000eab00000, 0x00000000f3680000, 0x0000000100000000)
  eden space 85504K, 0% used [0x00000000eab00000,0x00000000eab00000,0x00000000efe80000)
  from space 9728K, 0% used [0x00000000efe80000,0x00000000efe80000,0x00000000f0800000)
  to   space 10240K, 0% used [0x00000000f2c80000,0x00000000f2c80000,0x00000000f3680000)
 ParOldGen       total 93696K, used 17811K [0x00000000c0000000, 0x00000000c5b80000, 0x00000000eab00000)
  object space 93696K, 19% used [0x00000000c0000000,0x00000000c1164cb0,0x00000000c5b80000)
 Metaspace       used 34605K, capacity 35264K, committed 35456K, reserved 1079296K
  class space    used 4772K, capacity 4949K, committed 4992K, reserved 1048576K
}
Event: 12.962 GC heap before
{Heap before GC invocations=12 (full 2):
 PSYoungGen      total 95232K, used 85504K [0x00000000eab00000, 0x00000000f3680000, 0x0000000100000000)
  eden space 85504K, 100% used [0x00000000eab00000,0x00000000efe80000,0x00000000efe80000)
  from space 9728K, 0% used [0x00000000efe80000,0x00000000efe80000,0x00000000f0800000)
  to   space 10240K, 0% used [0x00000000f2c80000,0x00000000f2c80000,0x00000000f3680000)
 ParOldGen       total 93696K, used 17811K [0x00000000c0000000, 0x00000000c5b80000, 0x00000000eab00000)
  object space 93696K, 19% used [0x00000000c0000000,0x00000000c1164cb0,0x00000000c5b80000)
 Metaspace       used 42220K, capacity 43070K, committed 43392K, reserved 1087488K
  class space    used 5790K, capacity 6003K, committed 6016K, reserved 1048576K
Event: 12.973 GC heap after
Heap after GC invocations=12 (full 2):
 PSYoungGen      total 122880K, used 9556K [0x00000000eab00000, 0x00000000f3600000, 0x0000000100000000)
  eden space 113152K, 0% used [0x00000000eab00000,0x00000000eab00000,0x00000000f1980000)
  from space 9728K, 98% used [0x00000000f2c80000,0x00000000f35d5170,0x00000000f3600000)
  to   space 10752K, 0% used [0x00000000f2100000,0x00000000f2100000,0x00000000f2b80000)
 ParOldGen       total 93696K, used 17883K [0x00000000c0000000, 0x00000000c5b80000, 0x00000000eab00000)
  object space 93696K, 19% used [0x00000000c0000000,0x00000000c1176cc0,0x00000000c5b80000)
 Metaspace       used 42220K, capacity 43070K, committed 43392K, reserved 1087488K
  class space    used 5790K, capacity 6003K, committed 6016K, reserved 1048576K
}
Event: 14.852 GC heap before
{Heap before GC invocations=13 (full 2):
 PSYoungGen      total 122880K, used 122708K [0x00000000eab00000, 0x00000000f3600000, 0x0000000100000000)
  eden space 113152K, 100% used [0x00000000eab00000,0x00000000f1980000,0x00000000f1980000)
  from space 9728K, 98% used [0x00000000f2c80000,0x00000000f35d5170,0x00000000f3600000)
  to   space 10752K, 0% used [0x00000000f2100000,0x00000000f2100000,0x00000000f2b80000)
 ParOldGen       total 93696K, used 17883K [0x00000000c0000000, 0x00000000c5b80000, 0x00000000eab00000)
  object space 93696K, 19% used [0x00000000c0000000,0x00000000c1176cc0,0x00000000c5b80000)
 Metaspace       used 45301K, capacity 46438K, committed 46464K, reserved 1089536K
  class space    used 6222K, capacity 6503K, committed 6528K, reserved 1048576K
Event: 14.868 GC heap after
Heap after GC invocations=13 (full 2):
 PSYoungGen      total 123904K, used 8451K [0x00000000eab00000, 0x00000000f3600000, 0x0000000100000000)
  eden space 113152K, 0% used [0x00000000eab00000,0x00000000eab00000,0x00000000f1980000)
  from space 10752K, 78% used [0x00000000f2100000,0x00000000f2940f50,0x00000000f2b80000)
  to   space 9728K, 0% used [0x00000000f2c80000,0x00000000f2c80000,0x00000000f3600000)
 ParOldGen       total 93696K, used 24411K [0x00000000c0000000, 0x00000000c5b80000, 0x00000000eab00000)
  object space 93696K, 26% used [0x00000000c0000000,0x00000000c17d6c78,0x00000000c5b80000)
 Metaspace       used 45301K, capacity 46438K, committed 46464K, reserved 1089536K
  class space    used 6222K, capacity 6503K, committed 6528K, reserved 1048576K
}
Event: 15.942 GC heap before
{Heap before GC invocations=14 (full 2):
 PSYoungGen      total 123904K, used 121603K [0x00000000eab00000, 0x00000000f3600000, 0x0000000100000000)
  eden space 113152K, 100% used [0x00000000eab00000,0x00000000f1980000,0x00000000f1980000)
  from space 10752K, 78% used [0x00000000f2100000,0x00000000f2940f50,0x00000000f2b80000)
  to   space 9728K, 0% used [0x00000000f2c80000,0x00000000f2c80000,0x00000000f3600000)
 ParOldGen       total 93696K, used 24411K [0x00000000c0000000, 0x00000000c5b80000, 0x00000000eab00000)
  object space 93696K, 26% used [0x00000000c0000000,0x00000000c17d6c78,0x00000000c5b80000)
 Metaspace       used 50292K, capacity 51810K, committed 51840K, reserved 1093632K
  class space    used 6949K, capacity 7282K, committed 7296K, reserved 1048576K
Event: 15.957 GC heap after
Heap after GC invocations=14 (full 2):
 PSYoungGen      total 122880K, used 9728K [0x00000000eab00000, 0x00000000f3600000, 0x0000000100000000)
  eden space 113152K, 0% used [0x00000000eab00000,0x00000000eab00000,0x00000000f1980000)
  from space 9728K, 100% used [0x00000000f2c80000,0x00000000f3600000,0x00000000f3600000)
  to   space 10752K, 0% used [0x00000000f2100000,0x00000000f2100000,0x00000000f2b80000)
 ParOldGen       total 93696K, used 33195K [0x00000000c0000000, 0x00000000c5b80000, 0x00000000eab00000)
  object space 93696K, 35% used [0x00000000c0000000,0x00000000c206aed0,0x00000000c5b80000)
 Metaspace       used 50292K, capacity 51810K, committed 51840K, reserved 1093632K
  class space    used 6949K, capacity 7282K, committed 7296K, reserved 1048576K
}

