# JRE version: Java(TM) SE Runtime Environment (8.0_91-b15) (build 1.8.0_91-b15)
# Java VM: Java HotSpot(TM) 64-Bit Server VM (25.91-b15 mixed mode windows-amd64 compressed oops)
Heap:
 PSYoungGen      total 314880K, used 292709K [0x00000000eab00000, 0x00000000ffb80000, 0x0000000100000000)
  eden space 291328K, 97% used [0x00000000eab00000,0x00000000fc015658,0x00000000fc780000)
  from space 23552K, 38% used [0x00000000fe480000,0x00000000fed43fb8,0x00000000ffb80000)
  to   space 26624K, 0% used [0x00000000fc780000,0x00000000fc780000,0x00000000fe180000)
 ParOldGen       total 142336K, used 53725K [0x00000000c0000000, 0x00000000c8b00000, 0x00000000eab00000)
  object space 142336K, 37% used [0x00000000c0000000,0x00000000c3477568,0x00000000c8b00000)
 Metaspace       used 72794K, capacity 78506K, committed 78720K, reserved 1118208K
  class space    used 9563K, capacity 10350K, committed 10368K, reserved 1048576K
GC Heap History (10 events):
Event: 5833.664 GC heap before
{Heap before GC invocations=67 (full 22):
 PSYoungGen      total 325632K, used 303104K [0x00000000eab00000, 0x00000000fff00000, 0x0000000100000000)
  eden space 303104K, 100% used [0x00000000eab00000,0x00000000fd300000,0x00000000fd300000)
  from space 22528K, 0% used [0x00000000fe900000,0x00000000fe900000,0x00000000fff00000)
  to   space 22528K, 0% used [0x00000000fd300000,0x00000000fd300000,0x00000000fe900000)
 ParOldGen       total 142336K, used 38282K [0x00000000c0000000, 0x00000000c8b00000, 0x00000000eab00000)
  object space 142336K, 26% used [0x00000000c0000000,0x00000000c2562a68,0x00000000c8b00000)
 Metaspace       used 69628K, capacity 74794K, committed 74880K, reserved 1114112K
  class space    used 9160K, capacity 9775K, committed 9856K, reserved 1048576K
Event: 5833.692 GC heap after
Heap after GC invocations=67 (full 22):
 PSYoungGen      total 325632K, used 22504K [0x00000000eab00000, 0x0000000100000000, 0x0000000100000000)
  eden space 303104K, 0% used [0x00000000eab00000,0x00000000eab00000,0x00000000fd300000)
  from space 22528K, 99% used [0x00000000fd300000,0x00000000fe8fa058,0x00000000fe900000)
  to   space 23552K, 0% used [0x00000000fe900000,0x00000000fe900000,0x0000000100000000)
 ParOldGen       total 142336K, used 42494K [0x00000000c0000000, 0x00000000c8b00000, 0x00000000eab00000)
  object space 142336K, 29% used [0x00000000c0000000,0x00000000c297fb58,0x00000000c8b00000)
 Metaspace       used 69628K, capacity 74794K, committed 74880K, reserved 1114112K
  class space    used 9160K, capacity 9775K, committed 9856K, reserved 1048576K
}
Event: 5836.003 GC heap before
{Heap before GC invocations=68 (full 22):
 PSYoungGen      total 325632K, used 84679K [0x00000000eab00000, 0x0000000100000000, 0x0000000100000000)
  eden space 303104K, 20% used [0x00000000eab00000,0x00000000ee7b7d98,0x00000000fd300000)
  from space 22528K, 99% used [0x00000000fd300000,0x00000000fe8fa058,0x00000000fe900000)
  to   space 23552K, 0% used [0x00000000fe900000,0x00000000fe900000,0x0000000100000000)
 ParOldGen       total 142336K, used 42494K [0x00000000c0000000, 0x00000000c8b00000, 0x00000000eab00000)
  object space 142336K, 29% used [0x00000000c0000000,0x00000000c297fb58,0x00000000c8b00000)
 Metaspace       used 69865K, capacity 75050K, committed 75136K, reserved 1114112K
  class space    used 9196K, capacity 9839K, committed 9856K, reserved 1048576K
Event: 5836.015 GC heap after
Heap after GC invocations=68 (full 22):
 PSYoungGen      total 313344K, used 18863K [0x00000000eab00000, 0x0000000100000000, 0x0000000100000000)
  eden space 289792K, 0% used [0x00000000eab00000,0x00000000eab00000,0x00000000fc600000)
  from space 23552K, 80% used [0x00000000fe900000,0x00000000ffb6be50,0x0000000100000000)
  to   space 29696K, 0% used [0x00000000fc600000,0x00000000fc600000,0x00000000fe300000)
 ParOldGen       total 142336K, used 42502K [0x00000000c0000000, 0x00000000c8b00000, 0x00000000eab00000)
  object space 142336K, 29% used [0x00000000c0000000,0x00000000c2981b58,0x00000000c8b00000)
 Metaspace       used 69865K, capacity 75050K, committed 75136K, reserved 1114112K
  class space    used 9196K, capacity 9839K, committed 9856K, reserved 1048576K
}
Event: 5836.015 GC heap before
{Heap before GC invocations=69 (full 23):
 PSYoungGen      total 313344K, used 18863K [0x00000000eab00000, 0x0000000100000000, 0x0000000100000000)
  eden space 289792K, 0% used [0x00000000eab00000,0x00000000eab00000,0x00000000fc600000)
  from space 23552K, 80% used [0x00000000fe900000,0x00000000ffb6be50,0x0000000100000000)
  to   space 29696K, 0% used [0x00000000fc600000,0x00000000fc600000,0x00000000fe300000)
 ParOldGen       total 142336K, used 42502K [0x00000000c0000000, 0x00000000c8b00000, 0x00000000eab00000)
  object space 142336K, 29% used [0x00000000c0000000,0x00000000c2981b58,0x00000000c8b00000)
 Metaspace       used 69865K, capacity 75050K, committed 75136K, reserved 1114112K
  class space    used 9196K, capacity 9839K, committed 9856K, reserved 1048576K
Event: 5836.303 GC heap after
Heap after GC invocations=69 (full 23):
 PSYoungGen      total 313344K, used 0K [0x00000000eab00000, 0x0000000100000000, 0x0000000100000000)
  eden space 289792K, 0% used [0x00000000eab00000,0x00000000eab00000,0x00000000fc600000)
  from space 23552K, 0% used [0x00000000fe900000,0x00000000fe900000,0x0000000100000000)
  to   space 29696K, 0% used [0x00000000fc600000,0x00000000fc600000,0x00000000fe300000)
 ParOldGen       total 142336K, used 53709K [0x00000000c0000000, 0x00000000c8b00000, 0x00000000eab00000)
  object space 142336K, 37% used [0x00000000c0000000,0x00000000c3473568,0x00000000c8b00000)
 Metaspace       used 69865K, capacity 75050K, committed 75136K, reserved 1114112K
  class space    used 9196K, capacity 9839K, committed 9856K, reserved 1048576K
}
Event: 5894.259 GC heap before
{Heap before GC invocations=70 (full 23):
 PSYoungGen      total 313344K, used 289792K [0x00000000eab00000, 0x0000000100000000, 0x0000000100000000)
  eden space 289792K, 100% used [0x00000000eab00000,0x00000000fc600000,0x00000000fc600000)
  from space 23552K, 0% used [0x00000000fe900000,0x00000000fe900000,0x0000000100000000)
  to   space 29696K, 0% used [0x00000000fc600000,0x00000000fc600000,0x00000000fe300000)
 ParOldGen       total 142336K, used 53709K [0x00000000c0000000, 0x00000000c8b00000, 0x00000000eab00000)
  object space 142336K, 37% used [0x00000000c0000000,0x00000000c3473568,0x00000000c8b00000)
 Metaspace       used 71144K, capacity 76654K, committed 76928K, reserved 1116160K
  class space    used 9354K, capacity 10051K, committed 10112K, reserved 1048576K
Event: 5894.267 GC heap after
Heap after GC invocations=70 (full 23):
 PSYoungGen      total 319488K, used 6761K [0x00000000eab00000, 0x0000000100000000, 0x0000000100000000)
  eden space 289792K, 0% used [0x00000000eab00000,0x00000000eab00000,0x00000000fc600000)
  from space 29696K, 22% used [0x00000000fc600000,0x00000000fcc9a778,0x00000000fe300000)
  to   space 28160K, 0% used [0x00000000fe480000,0x00000000fe480000,0x0000000100000000)
 ParOldGen       total 142336K, used 53717K [0x00000000c0000000, 0x00000000c8b00000, 0x00000000eab00000)
  object space 142336K, 37% used [0x00000000c0000000,0x00000000c3475568,0x00000000c8b00000)
 Metaspace       used 71144K, capacity 76654K, committed 76928K, reserved 1116160K
  class space    used 9354K, capacity 10051K, committed 10112K, reserved 1048576K
}
Event: 5906.631 GC heap before
{Heap before GC invocations=71 (full 23):
 PSYoungGen      total 319488K, used 296553K [0x00000000eab00000, 0x0000000100000000, 0x0000000100000000)
  eden space 289792K, 100% used [0x00000000eab00000,0x00000000fc600000,0x00000000fc600000)
  from space 29696K, 22% used [0x00000000fc600000,0x00000000fcc9a778,0x00000000fe300000)
  to   space 28160K, 0% used [0x00000000fe480000,0x00000000fe480000,0x0000000100000000)
 ParOldGen       total 142336K, used 53717K [0x00000000c0000000, 0x00000000c8b00000, 0x00000000eab00000)
  object space 142336K, 37% used [0x00000000c0000000,0x00000000c3475568,0x00000000c8b00000)
 Metaspace       used 71944K, capacity 77536K, committed 77824K, reserved 1116160K
  class space    used 9442K, capacity 10156K, committed 10240K, reserved 1048576K
Event: 5906.639 GC heap after
Heap after GC invocations=71 (full 23):
 PSYoungGen      total 314880K, used 8975K [0x00000000eab00000, 0x00000000ffb80000, 0x0000000100000000)
  eden space 291328K, 0% used [0x00000000eab00000,0x00000000eab00000,0x00000000fc780000)
  from space 23552K, 38% used [0x00000000fe480000,0x00000000fed43fb8,0x00000000ffb80000)
  to   space 26624K, 0% used [0x00000000fc780000,0x00000000fc780000,0x00000000fe180000)
 ParOldGen       total 142336K, used 53725K [0x00000000c0000000, 0x00000000c8b00000, 0x00000000eab00000)
  object space 142336K, 37% used [0x00000000c0000000,0x00000000c3477568,0x00000000c8b00000)
 Metaspace       used 71944K, capacity 77536K, committed 77824K, reserved 1116160K
  class space    used 9442K, capacity 10156K, committed 10240K, reserved 1048576K
}

